<?xml version="1.0" encoding="UTF-8"?>
<testsuite time="48.182" failures="0" tests="1" name="tests" >
  <testcase time="48.175" classname="tests" name="F24ExigenceHomePage.java.ta" />
</testsuite>